<?xml version="1.0" encoding="utf-8"?>
<TestRun id="dc6d1077-ddb8-494b-907b-007396269be7" name="pc@DESKTOP-7NA308U 2026-03-14 16:45:00" runUser="DESKTOP-7NA308U\pc" xmlns="http://microsoft.com/schemas/VisualStudio/TeamTest/2010">
  <Times creation="2026-03-14T16:45:00.5491407+02:00" queuing="2026-03-14T16:45:00.5491408+02:00" start="2026-03-14T16:44:59.7961709+02:00" finish="2026-03-14T16:45:00.6180715+02:00" />
  <TestSettings name="default" id="2dc92951-a48d-4e05-9273-2bc2b4a4cab4">
    <Deployment runDeploymentRoot="pc_DESKTOP-7NA308U_2026-03-14_16_45_00" />
  </TestSettings>
  <Results>
    <UnitTestResult executionId="791f80cb-aa52-48ae-be27-2e3277e4c258" testId="1399e9c4-ca08-3a58-4494-35cadd04a2be" testName="JobMarket.Application.Tests.Validators.SearchJobsValidatorTests.Validate_WithPageSizeOver100_IsInvalid" computerName="DESKTOP-7NA308U" duration="00:00:00.0016344" startTime="2026-03-14T16:45:00.5253504+02:00" endTime="2026-03-14T16:45:00.5267933+02:00" testType="13cdc9d9-ddb5-4fa4-a97d-d965ccfc6d4b" outcome="Passed" testListId="8c84fa94-04c1-424b-9868-57a2d4851a1d" relativeResultsDirectory="791f80cb-aa52-48ae-be27-2e3277e4c258" />
    <UnitTestResult executionId="60402c84-4c4b-46b4-9805-e2951bba478c" testId="6042547e-a99e-8bcb-4bc6-bbf271e3fc8c" testName="JobMarket.Application.Tests.Handlers.UploadCvHandlerTests.Handle_ValidUpload_SavesChanges" computerName="DESKTOP-7NA308U" duration="00:00:00.0023632" startTime="2026-03-14T16:45:00.5538540+02:00" endTime="2026-03-14T16:45:00.5555519+02:00" testType="13cdc9d9-ddb5-4fa4-a97d-d965ccfc6d4b" outcome="Passed" testListId="8c84fa94-04c1-424b-9868-57a2d4851a1d" relativeResultsDirectory="60402c84-4c4b-46b4-9805-e2951bba478c" />
    <UnitTestResult executionId="20fd35d3-b585-42a0-9957-f6dcf4a2e245" testId="7b9f8501-af78-8d62-1b6d-5e809720a276" testName="JobMarket.Application.Tests.Validators.UploadCvValidatorTests.Validate_WithOversizedFile_HasFileStreamError" computerName="DESKTOP-7NA308U" duration="00:00:00.0431026" startTime="2026-03-14T16:45:00.4261440+02:00" endTime="2026-03-14T16:45:00.5246829+02:00" testType="13cdc9d9-ddb5-4fa4-a97d-d965ccfc6d4b" outcome="Passed" testListId="8c84fa94-04c1-424b-9868-57a2d4851a1d" relativeResultsDirectory="20fd35d3-b585-42a0-9957-f6dcf4a2e245" />
    <UnitTestResult executionId="2c22fafb-240c-4ede-b56f-e1b4e60d3bfa" testId="cf8fcf0c-ebc1-a275-23d7-0bf0394c3af1" testName="JobMarket.Application.Tests.Domain.JobEntityTests.Create_WithValidData_ReturnsJob" computerName="DESKTOP-7NA308U" duration="00:00:00.0002279" startTime="2026-03-14T16:45:00.5290223+02:00" endTime="2026-03-14T16:45:00.5290527+02:00" testType="13cdc9d9-ddb5-4fa4-a97d-d965ccfc6d4b" outcome="Passed" testListId="8c84fa94-04c1-424b-9868-57a2d4851a1d" relativeResultsDirectory="2c22fafb-240c-4ede-b56f-e1b4e60d3bfa" />
    <UnitTestResult executionId="8d5054a9-a619-40a9-85ff-197854884bda" testId="14f46868-1965-ddfc-b7ac-44b50ef85b03" testName="JobMarket.Application.Tests.Handlers.RegisterHandlerTests.Handle_WithNewEmail_ReturnsAuthResponse" computerName="DESKTOP-7NA308U" duration="00:00:00.0014912" startTime="2026-03-14T16:45:00.5571511+02:00" endTime="2026-03-14T16:45:00.5584777+02:00" testType="13cdc9d9-ddb5-4fa4-a97d-d965ccfc6d4b" outcome="Passed" testListId="8c84fa94-04c1-424b-9868-57a2d4851a1d" relativeResultsDirectory="8d5054a9-a619-40a9-85ff-197854884bda" />
    <UnitTestResult executionId="6d9228c1-2435-467c-b579-9e75af29a8e7" testId="e0bd1652-b1d1-17c4-ddcc-0b3f126978b5" testName="JobMarket.Application.Tests.Handlers.UploadCvHandlerTests.Handle_WithValidFile_ReturnsCvIdAndStatus" computerName="DESKTOP-7NA308U" duration="00:00:00.1255897" startTime="2026-03-14T16:45:00.4261272+02:00" endTime="2026-03-14T16:45:00.5531279+02:00" testType="13cdc9d9-ddb5-4fa4-a97d-d965ccfc6d4b" outcome="Passed" testListId="8c84fa94-04c1-424b-9868-57a2d4851a1d" relativeResultsDirectory="6d9228c1-2435-467c-b579-9e75af29a8e7" />
    <UnitTestResult executionId="f5c71a2f-65bc-45f1-92ae-8ee6f1a79dc9" testId="51db2d0f-dc4b-2eb0-3f52-4f564b279bdd" testName="JobMarket.Application.Tests.Domain.JobEntityTests.Create_WithEmptySourceUrl_ThrowsDomainException" computerName="DESKTOP-7NA308U" duration="00:00:00.0005804" startTime="2026-03-14T16:45:00.5282521+02:00" endTime="2026-03-14T16:45:00.5282794+02:00" testType="13cdc9d9-ddb5-4fa4-a97d-d965ccfc6d4b" outcome="Passed" testListId="8c84fa94-04c1-424b-9868-57a2d4851a1d" relativeResultsDirectory="f5c71a2f-65bc-45f1-92ae-8ee6f1a79dc9" />
    <UnitTestResult executionId="4f77416e-6dc6-4544-aea3-b55ecd95421f" testId="00505f34-8d40-0c01-c320-516a123d8008" testName="JobMarket.Application.Tests.Validators.RegisterValidatorTests.Validate_ReturnsExpectedResult(email: &quot;user@example.com&quot;, password: &quot;short&quot;, shouldBeValid: False)" computerName="DESKTOP-7NA308U" duration="00:00:00.0011323" startTime="2026-03-14T16:45:00.5179277+02:00" endTime="2026-03-14T16:45:00.5194876+02:00" testType="13cdc9d9-ddb5-4fa4-a97d-d965ccfc6d4b" outcome="Passed" testListId="8c84fa94-04c1-424b-9868-57a2d4851a1d" relativeResultsDirectory="4f77416e-6dc6-4544-aea3-b55ecd95421f" />
    <UnitTestResult executionId="d928d1c5-cf8a-473d-a495-48a92b94050d" testId="47542c56-e7af-7511-5bdb-0b11988bd364" testName="JobMarket.Application.Tests.Validators.RegisterValidatorTests.Validate_ReturnsExpectedResult(email: &quot;user@example.com&quot;, password: &quot;&quot;, shouldBeValid: False)" computerName="DESKTOP-7NA308U" duration="00:00:00.0005476" startTime="2026-03-14T16:45:00.5195644+02:00" endTime="2026-03-14T16:45:00.5195965+02:00" testType="13cdc9d9-ddb5-4fa4-a97d-d965ccfc6d4b" outcome="Passed" testListId="8c84fa94-04c1-424b-9868-57a2d4851a1d" relativeResultsDirectory="d928d1c5-cf8a-473d-a495-48a92b94050d" />
    <UnitTestResult executionId="15a0e2ef-b408-4e54-8892-dacc1705c73d" testId="5e42636c-4cf4-5f5d-9a9a-9e3c135ac662" testName="JobMarket.Application.Tests.Domain.CvEntityTests.MarkEnriched_SetsAllFieldsAndStatus" computerName="DESKTOP-7NA308U" duration="00:00:00.0038070" startTime="2026-03-14T16:45:00.5225738+02:00" endTime="2026-03-14T16:45:00.5245289+02:00" testType="13cdc9d9-ddb5-4fa4-a97d-d965ccfc6d4b" outcome="Passed" testListId="8c84fa94-04c1-424b-9868-57a2d4851a1d" relativeResultsDirectory="15a0e2ef-b408-4e54-8892-dacc1705c73d" />
    <UnitTestResult executionId="968cf30f-a74e-41df-87b6-413b631c35ac" testId="fc2cb2b3-1425-9556-2874-9b6064c7f4c0" testName="JobMarket.Application.Tests.Validators.SearchJobsValidatorTests.Validate_AllCombinations_ReturnsExpectedValidity(page: 1, pageSize: 1, expected: True)" computerName="DESKTOP-7NA308U" duration="00:00:00.0000435" startTime="2026-03-14T16:45:00.5242814+02:00" endTime="2026-03-14T16:45:00.5243105+02:00" testType="13cdc9d9-ddb5-4fa4-a97d-d965ccfc6d4b" outcome="Passed" testListId="8c84fa94-04c1-424b-9868-57a2d4851a1d" relativeResultsDirectory="968cf30f-a74e-41df-87b6-413b631c35ac" />
    <UnitTestResult executionId="06f48d7f-eb43-43e5-bd27-56c648ccf840" testId="7291ef9a-8a65-697c-dcf7-5290045abbe1" testName="JobMarket.Application.Tests.Domain.JobEntityTests.MarkProcessing_UpdatesStatus" computerName="DESKTOP-7NA308U" duration="00:00:00.0001921" startTime="2026-03-14T16:45:00.5292226+02:00" endTime="2026-03-14T16:45:00.5292507+02:00" testType="13cdc9d9-ddb5-4fa4-a97d-d965ccfc6d4b" outcome="Passed" testListId="8c84fa94-04c1-424b-9868-57a2d4851a1d" relativeResultsDirectory="06f48d7f-eb43-43e5-bd27-56c648ccf840" />
    <UnitTestResult executionId="df4cc1f8-4e16-4745-86ad-14d04bbc17fe" testId="93b0697c-6e86-c4f7-f26a-673a7e2999c8" testName="JobMarket.Application.Tests.Handlers.LoginHandlerTests.Handle_WithWrongPassword_ThrowsDomainException" computerName="DESKTOP-7NA308U" duration="00:00:00.1206118" startTime="2026-03-14T16:45:00.4260743+02:00" endTime="2026-03-14T16:45:00.5482409+02:00" testType="13cdc9d9-ddb5-4fa4-a97d-d965ccfc6d4b" outcome="Passed" testListId="8c84fa94-04c1-424b-9868-57a2d4851a1d" relativeResultsDirectory="df4cc1f8-4e16-4745-86ad-14d04bbc17fe" />
    <UnitTestResult executionId="01ae619d-ad3f-41a6-8dbb-85bdc1e3ae9f" testId="0af3d498-fd64-8f57-f95e-80bed68e8fc4" testName="JobMarket.Application.Tests.Validators.UploadCvValidatorTests.Validate_WithValidDocx_IsValid" computerName="DESKTOP-7NA308U" duration="00:00:00.0002418" startTime="2026-03-14T16:45:00.5279702+02:00" endTime="2026-03-14T16:45:00.5280023+02:00" testType="13cdc9d9-ddb5-4fa4-a97d-d965ccfc6d4b" outcome="Passed" testListId="8c84fa94-04c1-424b-9868-57a2d4851a1d" relativeResultsDirectory="01ae619d-ad3f-41a6-8dbb-85bdc1e3ae9f" />
    <UnitTestResult executionId="28cdbf63-df68-48b5-bcf2-15ee02a86f59" testId="235b8995-e747-4709-dd04-8b39870989bb" testName="JobMarket.Application.Tests.Validators.SearchJobsValidatorTests.Validate_AllCombinations_ReturnsExpectedValidity(page: 5, pageSize: 50, expected: True)" computerName="DESKTOP-7NA308U" duration="00:00:00.0000655" startTime="2026-03-14T16:45:00.5228289+02:00" endTime="2026-03-14T16:45:00.5228874+02:00" testType="13cdc9d9-ddb5-4fa4-a97d-d965ccfc6d4b" outcome="Passed" testListId="8c84fa94-04c1-424b-9868-57a2d4851a1d" relativeResultsDirectory="28cdbf63-df68-48b5-bcf2-15ee02a86f59" />
    <UnitTestResult executionId="eec69900-42d5-4ff3-9974-81f94fe33a3c" testId="34574db3-b4c0-2609-ed69-dfe7fd8095e0" testName="JobMarket.Application.Tests.Validators.RegisterValidatorTests.Validate_ReturnsExpectedResult(email: &quot;&quot;, password: &quot;Password123!&quot;, shouldBeValid: False)" computerName="DESKTOP-7NA308U" duration="00:00:00.0000549" startTime="2026-03-14T16:45:00.5215478+02:00" endTime="2026-03-14T16:45:00.5216610+02:00" testType="13cdc9d9-ddb5-4fa4-a97d-d965ccfc6d4b" outcome="Passed" testListId="8c84fa94-04c1-424b-9868-57a2d4851a1d" relativeResultsDirectory="eec69900-42d5-4ff3-9974-81f94fe33a3c" />
    <UnitTestResult executionId="af7bdeec-6948-48e8-ae04-cb22b94d5e3f" testId="9cd87190-6171-c48d-930c-4ba3f0f1a753" testName="JobMarket.Application.Tests.Domain.JobEntityTests.SetEmbedding_SetsEmbeddingProperty" computerName="DESKTOP-7NA308U" duration="00:00:00.0260735" startTime="2026-03-14T16:45:00.5281496+02:00" endTime="2026-03-14T16:45:00.5281787+02:00" testType="13cdc9d9-ddb5-4fa4-a97d-d965ccfc6d4b" outcome="Passed" testListId="8c84fa94-04c1-424b-9868-57a2d4851a1d" relativeResultsDirectory="af7bdeec-6948-48e8-ae04-cb22b94d5e3f" />
    <UnitTestResult executionId="e7302e3d-0a90-4c95-8bfb-93645fe9fa5d" testId="0b81e24e-f3dd-2a91-24c2-4d9a366e45e1" testName="JobMarket.Application.Tests.Domain.UserEntityTests.IsRefreshTokenValid_ReturnsExpectedResult(tokenToCheck: &quot;wrong_token&quot;, expected: False)" computerName="DESKTOP-7NA308U" duration="00:00:00.0195297" startTime="2026-03-14T16:45:00.4260361+02:00" endTime="2026-03-14T16:45:00.4648316+02:00" testType="13cdc9d9-ddb5-4fa4-a97d-d965ccfc6d4b" outcome="Passed" testListId="8c84fa94-04c1-424b-9868-57a2d4851a1d" relativeResultsDirectory="e7302e3d-0a90-4c95-8bfb-93645fe9fa5d" />
    <UnitTestResult executionId="062a87d2-f99f-450c-a3a5-625f9d7dc91d" testId="3e99d334-9139-18e1-5083-f3cb03d287dd" testName="JobMarket.Application.Tests.Handlers.UploadCvHandlerTests.Handle_ValidUpload_EnqueuesProcessingJob" computerName="DESKTOP-7NA308U" duration="00:00:00.0024523" startTime="2026-03-14T16:45:00.5557053+02:00" endTime="2026-03-14T16:45:00.5580509+02:00" testType="13cdc9d9-ddb5-4fa4-a97d-d965ccfc6d4b" outcome="Passed" testListId="8c84fa94-04c1-424b-9868-57a2d4851a1d" relativeResultsDirectory="062a87d2-f99f-450c-a3a5-625f9d7dc91d" />
    <UnitTestResult executionId="71b6586a-1d8d-4c56-b6ba-8643a6faaffb" testId="9df318af-7a38-6f22-1b27-4ca1c34cc39c" testName="JobMarket.Application.Tests.Validators.SearchJobsValidatorTests.Validate_AllCombinations_ReturnsExpectedValidity(page: 1, pageSize: 0, expected: False)" computerName="DESKTOP-7NA308U" duration="00:00:00.0000678" startTime="2026-03-14T16:45:00.5229841+02:00" endTime="2026-03-14T16:45:00.5230274+02:00" testType="13cdc9d9-ddb5-4fa4-a97d-d965ccfc6d4b" outcome="Passed" testListId="8c84fa94-04c1-424b-9868-57a2d4851a1d" relativeResultsDirectory="71b6586a-1d8d-4c56-b6ba-8643a6faaffb" />
    <UnitTestResult executionId="a9759b88-f86d-434f-b9bd-470fba16a6f5" testId="0dd6df8d-5d22-acb0-3c44-a7337432c5f8" testName="JobMarket.Application.Tests.Domain.CvEntityTests.Create_WithValidData_ReturnsCv" computerName="DESKTOP-7NA308U" duration="00:00:00.0230314" startTime="2026-03-14T16:45:00.4260937+02:00" endTime="2026-03-14T16:45:00.4701000+02:00" testType="13cdc9d9-ddb5-4fa4-a97d-d965ccfc6d4b" outcome="Passed" testListId="8c84fa94-04c1-424b-9868-57a2d4851a1d" relativeResultsDirectory="a9759b88-f86d-434f-b9bd-470fba16a6f5" />
    <UnitTestResult executionId="374f2ca1-a3e9-40e3-9a5e-89125f0fd97c" testId="b4da15e5-0f74-f9cd-08f8-d049470c0fa3" testName="JobMarket.Application.Tests.Validators.RegisterValidatorTests.Validate_WithInvalidEmail_HasEmailError" computerName="DESKTOP-7NA308U" duration="00:00:00.0122093" startTime="2026-03-14T16:45:00.5219884+02:00" endTime="2026-03-14T16:45:00.5246978+02:00" testType="13cdc9d9-ddb5-4fa4-a97d-d965ccfc6d4b" outcome="Passed" testListId="8c84fa94-04c1-424b-9868-57a2d4851a1d" relativeResultsDirectory="374f2ca1-a3e9-40e3-9a5e-89125f0fd97c" />
    <UnitTestResult executionId="19c12bb6-8154-4b93-9160-4add028b788d" testId="8dc561e7-976c-e7fb-9a04-18018c147143" testName="JobMarket.Application.Tests.Validators.RegisterValidatorTests.Validate_WithPasswordTooShort_HasPasswordError" computerName="DESKTOP-7NA308U" duration="00:00:00.0015196" startTime="2026-03-14T16:45:00.5253653+02:00" endTime="2026-03-14T16:45:00.5266780+02:00" testType="13cdc9d9-ddb5-4fa4-a97d-d965ccfc6d4b" outcome="Passed" testListId="8c84fa94-04c1-424b-9868-57a2d4851a1d" relativeResultsDirectory="19c12bb6-8154-4b93-9160-4add028b788d" />
    <UnitTestResult executionId="286caad7-6f0e-47e0-a5d2-0ca07a82e226" testId="9a550f83-442c-5f7d-1ceb-057352717274" testName="JobMarket.Application.Tests.Domain.CvEntityTests.SetParsedData_UpdatesDataAndStatus" computerName="DESKTOP-7NA308U" duration="00:00:00.0036303" startTime="2026-03-14T16:45:00.5192763+02:00" endTime="2026-03-14T16:45:00.5222161+02:00" testType="13cdc9d9-ddb5-4fa4-a97d-d965ccfc6d4b" outcome="Passed" testListId="8c84fa94-04c1-424b-9868-57a2d4851a1d" relativeResultsDirectory="286caad7-6f0e-47e0-a5d2-0ca07a82e226" />
    <UnitTestResult executionId="72ea1d28-c1c6-48d5-8b62-7c68c78de4a7" testId="bab89ddd-4836-1f46-0a59-83d740e03477" testName="JobMarket.Application.Tests.Handlers.RegisterHandlerTests.Handle_WithNewEmail_CallsPasswordHasher" computerName="DESKTOP-7NA308U" duration="00:00:00.1272814" startTime="2026-03-14T16:45:00.4261800+02:00" endTime="2026-03-14T16:45:00.5548574+02:00" testType="13cdc9d9-ddb5-4fa4-a97d-d965ccfc6d4b" outcome="Passed" testListId="8c84fa94-04c1-424b-9868-57a2d4851a1d" relativeResultsDirectory="72ea1d28-c1c6-48d5-8b62-7c68c78de4a7" />
    <UnitTestResult executionId="e32332ff-c3e5-474b-b06c-aebb25982d47" testId="0cb5a31e-80e3-ed96-061a-951b30f0543b" testName="JobMarket.Application.Tests.Validators.UploadCvValidatorTests.Validate_WithValidPdf_IsValid" computerName="DESKTOP-7NA308U" duration="00:00:00.0011477" startTime="2026-03-14T16:45:00.5253782+02:00" endTime="2026-03-14T16:45:00.5254450+02:00" testType="13cdc9d9-ddb5-4fa4-a97d-d965ccfc6d4b" outcome="Passed" testListId="8c84fa94-04c1-424b-9868-57a2d4851a1d" relativeResultsDirectory="e32332ff-c3e5-474b-b06c-aebb25982d47" />
    <UnitTestResult executionId="bf606035-86f5-471e-be19-ff55225dff77" testId="630a7ca5-bb0b-d660-e722-669efd546746" testName="JobMarket.Application.Tests.Handlers.LoginHandlerTests.Handle_WithValidCredentials_ReturnsAuthResponse" computerName="DESKTOP-7NA308U" duration="00:00:00.0034303" startTime="2026-03-14T16:45:00.5484285+02:00" endTime="2026-03-14T16:45:00.5517830+02:00" testType="13cdc9d9-ddb5-4fa4-a97d-d965ccfc6d4b" outcome="Passed" testListId="8c84fa94-04c1-424b-9868-57a2d4851a1d" relativeResultsDirectory="bf606035-86f5-471e-be19-ff55225dff77" />
    <UnitTestResult executionId="965bc9aa-eb5e-4ef7-9397-9eec2b0e908f" testId="4446c3f0-6009-da05-b7ca-ce593ba890f0" testName="JobMarket.Application.Tests.Domain.JobEntityTests.Enrich_SetsSkillsAndStatus" computerName="DESKTOP-7NA308U" duration="00:00:00.0045050" startTime="2026-03-14T16:45:00.5288900+02:00" endTime="2026-03-14T16:45:00.5289391+02:00" testType="13cdc9d9-ddb5-4fa4-a97d-d965ccfc6d4b" outcome="Passed" testListId="8c84fa94-04c1-424b-9868-57a2d4851a1d" relativeResultsDirectory="965bc9aa-eb5e-4ef7-9397-9eec2b0e908f" />
    <UnitTestResult executionId="0a12b333-a922-42db-b871-8b03d48bd07a" testId="ba5464ef-1cb5-9389-e32a-63da0d5b0cad" testName="JobMarket.Application.Tests.Domain.JobEntityTests.Enrich_WithEmbedding_SetsEmbedding" computerName="DESKTOP-7NA308U" duration="00:00:00.0194551" startTime="2026-03-14T16:45:00.4261089+02:00" endTime="2026-03-14T16:45:00.4552116+02:00" testType="13cdc9d9-ddb5-4fa4-a97d-d965ccfc6d4b" outcome="Passed" testListId="8c84fa94-04c1-424b-9868-57a2d4851a1d" relativeResultsDirectory="0a12b333-a922-42db-b871-8b03d48bd07a" />
    <UnitTestResult executionId="98368fac-e388-4ebf-8ca3-ad2670a51cd8" testId="348e0a69-cc80-4d17-0562-8f36953759d3" testName="JobMarket.Application.Tests.Domain.UserEntityTests.IsRefreshTokenValid_ReturnsExpectedResult(tokenToCheck: &quot;correct_token&quot;, expected: True)" computerName="DESKTOP-7NA308U" duration="00:00:00.0005477" startTime="2026-03-14T16:45:00.5174948+02:00" endTime="2026-03-14T16:45:00.5175567+02:00" testType="13cdc9d9-ddb5-4fa4-a97d-d965ccfc6d4b" outcome="Passed" testListId="8c84fa94-04c1-424b-9868-57a2d4851a1d" relativeResultsDirectory="98368fac-e388-4ebf-8ca3-ad2670a51cd8" />
    <UnitTestResult executionId="46c11a53-bfe9-4837-a9cf-c46275cd1ec0" testId="60ac543d-986a-ae03-1abc-bacce0c0111c" testName="JobMarket.Application.Tests.Validators.SearchJobsValidatorTests.Validate_WithValidFilter_IsValid" computerName="DESKTOP-7NA308U" duration="00:00:00.0231335" startTime="2026-03-14T16:45:00.4261638+02:00" endTime="2026-03-14T16:45:00.4649315+02:00" testType="13cdc9d9-ddb5-4fa4-a97d-d965ccfc6d4b" outcome="Passed" testListId="8c84fa94-04c1-424b-9868-57a2d4851a1d" relativeResultsDirectory="46c11a53-bfe9-4837-a9cf-c46275cd1ec0" />
    <UnitTestResult executionId="a83f69e8-c847-454a-a860-e26367b81da0" testId="cac00609-838d-51e1-211f-b048c2711004" testName="JobMarket.Application.Tests.Validators.UploadCvValidatorTests.Validate_WithEmptyUserId_HasUserIdError" computerName="DESKTOP-7NA308U" duration="00:00:00.0036652" startTime="2026-03-14T16:45:00.5255467+02:00" endTime="2026-03-14T16:45:00.5277415+02:00" testType="13cdc9d9-ddb5-4fa4-a97d-d965ccfc6d4b" outcome="Passed" testListId="8c84fa94-04c1-424b-9868-57a2d4851a1d" relativeResultsDirectory="a83f69e8-c847-454a-a860-e26367b81da0" />
    <UnitTestResult executionId="473f86b5-a13b-42f4-8563-23d1f9333143" testId="19794e77-02ce-3b1d-ecae-7d0ee91510eb" testName="JobMarket.Application.Tests.Domain.UserEntityTests.SetRefreshToken_SetsToken" computerName="DESKTOP-7NA308U" duration="00:00:00.0050400" startTime="2026-03-14T16:45:00.5194387+02:00" endTime="2026-03-14T16:45:00.5244119+02:00" testType="13cdc9d9-ddb5-4fa4-a97d-d965ccfc6d4b" outcome="Passed" testListId="8c84fa94-04c1-424b-9868-57a2d4851a1d" relativeResultsDirectory="473f86b5-a13b-42f4-8563-23d1f9333143" />
    <UnitTestResult executionId="cbc5e77c-e9b9-4e0f-bdcb-6902d5d95953" testId="108c9de9-73b8-c3d5-5609-709c25e81f4c" testName="JobMarket.Application.Tests.Domain.CvEntityTests.MarkProcessing_UpdatesStatus" computerName="DESKTOP-7NA308U" duration="00:00:00.0002482" startTime="2026-03-14T16:45:00.5246052+02:00" endTime="2026-03-14T16:45:00.5246331+02:00" testType="13cdc9d9-ddb5-4fa4-a97d-d965ccfc6d4b" outcome="Passed" testListId="8c84fa94-04c1-424b-9868-57a2d4851a1d" relativeResultsDirectory="cbc5e77c-e9b9-4e0f-bdcb-6902d5d95953" />
    <UnitTestResult executionId="38fa385b-8b67-47c5-8451-98f616d41d02" testId="90375e5f-16c3-f756-32e1-5dbf43d1f474" testName="JobMarket.Application.Tests.Validators.SearchJobsValidatorTests.Validate_AllCombinations_ReturnsExpectedValidity(page: 1, pageSize: 101, expected: False)" computerName="DESKTOP-7NA308U" duration="00:00:00.0034506" startTime="2026-03-14T16:45:00.5193902+02:00" endTime="2026-03-14T16:45:00.5220583+02:00" testType="13cdc9d9-ddb5-4fa4-a97d-d965ccfc6d4b" outcome="Passed" testListId="8c84fa94-04c1-424b-9868-57a2d4851a1d" relativeResultsDirectory="38fa385b-8b67-47c5-8451-98f616d41d02" />
    <UnitTestResult executionId="c91b9257-0e84-4fe2-8941-fa2f8d334824" testId="36b26052-5e9a-b99d-e320-fef4075c9ab9" testName="JobMarket.Application.Tests.Domain.JobEntityTests.Create_WithEmptyTitle_ThrowsDomainException" computerName="DESKTOP-7NA308U" duration="00:00:00.0259418" startTime="2026-03-14T16:45:00.5193304+02:00" endTime="2026-03-14T16:45:00.5280718+02:00" testType="13cdc9d9-ddb5-4fa4-a97d-d965ccfc6d4b" outcome="Passed" testListId="8c84fa94-04c1-424b-9868-57a2d4851a1d" relativeResultsDirectory="c91b9257-0e84-4fe2-8941-fa2f8d334824" />
    <UnitTestResult executionId="a2d491cc-959c-48ef-b97a-764f674392ed" testId="543a9d6c-a31a-142b-6895-09870adb14d2" testName="JobMarket.Application.Tests.Validators.SearchJobsValidatorTests.Validate_AllCombinations_ReturnsExpectedValidity(page: 0, pageSize: 20, expected: False)" computerName="DESKTOP-7NA308U" duration="00:00:00.0011460" startTime="2026-03-14T16:45:00.5221678+02:00" endTime="2026-03-14T16:45:00.5226421+02:00" testType="13cdc9d9-ddb5-4fa4-a97d-d965ccfc6d4b" outcome="Passed" testListId="8c84fa94-04c1-424b-9868-57a2d4851a1d" relativeResultsDirectory="a2d491cc-959c-48ef-b97a-764f674392ed" />
    <UnitTestResult executionId="789dda51-80a4-42be-9ed7-5bef2167835a" testId="3d9cceb7-feef-00d7-0af9-109cd1aa8c83" testName="JobMarket.Application.Tests.Validators.RegisterValidatorTests.Validate_ReturnsExpectedResult(email: &quot;user@example.com&quot;, password: &quot;Password123!&quot;, shouldBeValid: True)" computerName="DESKTOP-7NA308U" duration="00:00:00.0000480" startTime="2026-03-14T16:45:00.5196638+02:00" endTime="2026-03-14T16:45:00.5196939+02:00" testType="13cdc9d9-ddb5-4fa4-a97d-d965ccfc6d4b" outcome="Passed" testListId="8c84fa94-04c1-424b-9868-57a2d4851a1d" relativeResultsDirectory="789dda51-80a4-42be-9ed7-5bef2167835a" />
    <UnitTestResult executionId="297680f1-6b59-4b34-a2f1-98649bb9dad8" testId="8936577a-9893-9178-4ec6-982431548aaa" testName="JobMarket.Application.Tests.Handlers.RegisterHandlerTests.Handle_WithExistingEmail_ThrowsDomainException" computerName="DESKTOP-7NA308U" duration="00:00:00.0019798" startTime="2026-03-14T16:45:00.5549512+02:00" endTime="2026-03-14T16:45:00.5569497+02:00" testType="13cdc9d9-ddb5-4fa4-a97d-d965ccfc6d4b" outcome="Passed" testListId="8c84fa94-04c1-424b-9868-57a2d4851a1d" relativeResultsDirectory="297680f1-6b59-4b34-a2f1-98649bb9dad8" />
    <UnitTestResult executionId="5e2409f4-31fa-4663-bbe7-ae9b1f772cd1" testId="802648eb-d9c6-819f-29c5-f3138c3c97e8" testName="JobMarket.Application.Tests.Validators.RegisterValidatorTests.Validate_ReturnsExpectedResult(email: &quot;not-an-email&quot;, password: &quot;Password123!&quot;, shouldBeValid: False)" computerName="DESKTOP-7NA308U" duration="00:00:00.0287810" startTime="2026-03-14T16:45:00.4244974+02:00" endTime="2026-03-14T16:45:00.5178463+02:00" testType="13cdc9d9-ddb5-4fa4-a97d-d965ccfc6d4b" outcome="Passed" testListId="8c84fa94-04c1-424b-9868-57a2d4851a1d" relativeResultsDirectory="5e2409f4-31fa-4663-bbe7-ae9b1f772cd1" />
    <UnitTestResult executionId="ae4988e9-88c1-41fa-b9a4-1ace282897a9" testId="f508a65a-f670-1c57-8109-e8caf09d6f2c" testName="JobMarket.Application.Tests.Domain.UserEntityTests.Create_WithValidData_ReturnsUser" computerName="DESKTOP-7NA308U" duration="00:00:00.0008809" startTime="2026-03-14T16:45:00.5345388+02:00" endTime="2026-03-14T16:45:00.5345758+02:00" testType="13cdc9d9-ddb5-4fa4-a97d-d965ccfc6d4b" outcome="Passed" testListId="8c84fa94-04c1-424b-9868-57a2d4851a1d" relativeResultsDirectory="ae4988e9-88c1-41fa-b9a4-1ace282897a9" />
    <UnitTestResult executionId="7e01f010-9b5b-4857-9b84-508071f205ad" testId="8bac1b7b-2685-738b-74fe-c2be6daf2db6" testName="JobMarket.Application.Tests.Validators.SearchJobsValidatorTests.Validate_AllCombinations_ReturnsExpectedValidity(page: 1, pageSize: 100, expected: True)" computerName="DESKTOP-7NA308U" duration="00:00:00.0000363" startTime="2026-03-14T16:45:00.5241679+02:00" endTime="2026-03-14T16:45:00.5242090+02:00" testType="13cdc9d9-ddb5-4fa4-a97d-d965ccfc6d4b" outcome="Passed" testListId="8c84fa94-04c1-424b-9868-57a2d4851a1d" relativeResultsDirectory="7e01f010-9b5b-4857-9b84-508071f205ad" />
    <UnitTestResult executionId="05fe27f3-5827-4e7b-9d84-8016e2a4735c" testId="a22bd716-5f04-2193-9089-274cf78e56e9" testName="JobMarket.Application.Tests.Handlers.LoginHandlerTests.Handle_WithUnknownEmail_ThrowsDomainException" computerName="DESKTOP-7NA308U" duration="00:00:00.0014734" startTime="2026-03-14T16:45:00.5520597+02:00" endTime="2026-03-14T16:45:00.5538879+02:00" testType="13cdc9d9-ddb5-4fa4-a97d-d965ccfc6d4b" outcome="Passed" testListId="8c84fa94-04c1-424b-9868-57a2d4851a1d" relativeResultsDirectory="05fe27f3-5827-4e7b-9d84-8016e2a4735c" />
    <UnitTestResult executionId="6cdc4db8-957c-44dc-a527-c7433275c962" testId="a14a2997-9c3b-27ca-3510-e54a08c0b752" testName="JobMarket.Application.Tests.Domain.CvEntityTests.MarkFailed_SetsFailedStatus" computerName="DESKTOP-7NA308U" duration="00:00:00.0004486" startTime="2026-03-14T16:45:00.5223316+02:00" endTime="2026-03-14T16:45:00.5223741+02:00" testType="13cdc9d9-ddb5-4fa4-a97d-d965ccfc6d4b" outcome="Passed" testListId="8c84fa94-04c1-424b-9868-57a2d4851a1d" relativeResultsDirectory="6cdc4db8-957c-44dc-a527-c7433275c962" />
    <UnitTestResult executionId="d37278df-db51-4253-b5ff-788eeac4a0fb" testId="486a7046-e858-6163-6862-f78f3e3f5333" testName="JobMarket.Application.Tests.Validators.UploadCvValidatorTests.Validate_WithInvalidExtension_HasFileNameError" computerName="DESKTOP-7NA308U" duration="00:00:00.0007848" startTime="2026-03-14T16:45:00.5278525+02:00" endTime="2026-03-14T16:45:00.5278879+02:00" testType="13cdc9d9-ddb5-4fa4-a97d-d965ccfc6d4b" outcome="Passed" testListId="8c84fa94-04c1-424b-9868-57a2d4851a1d" relativeResultsDirectory="d37278df-db51-4253-b5ff-788eeac4a0fb" />
    <UnitTestResult executionId="680c7634-543f-4c5a-959e-05aa40a4f3e6" testId="1316f7ee-093b-b92d-f993-2fd8df8fc82d" testName="JobMarket.Application.Tests.Validators.SearchJobsValidatorTests.Validate_WithPageZero_IsInvalid" computerName="DESKTOP-7NA308U" duration="00:00:00.0089187" startTime="2026-03-14T16:45:00.5243890+02:00" endTime="2026-03-14T16:45:00.5247103+02:00" testType="13cdc9d9-ddb5-4fa4-a97d-d965ccfc6d4b" outcome="Passed" testListId="8c84fa94-04c1-424b-9868-57a2d4851a1d" relativeResultsDirectory="680c7634-543f-4c5a-959e-05aa40a4f3e6" />
    <UnitTestResult executionId="d7f59970-4ff5-4e86-93cf-df633b7a11c1" testId="e798be56-53f9-4778-4ac9-c9bc8f9b99a4" testName="JobMarket.Application.Tests.Domain.JobEntityTests.MarkFailed_SetsFailedStatus" computerName="DESKTOP-7NA308U" duration="00:00:00.0002150" startTime="2026-03-14T16:45:00.5291245+02:00" endTime="2026-03-14T16:45:00.5291523+02:00" testType="13cdc9d9-ddb5-4fa4-a97d-d965ccfc6d4b" outcome="Passed" testListId="8c84fa94-04c1-424b-9868-57a2d4851a1d" relativeResultsDirectory="d7f59970-4ff5-4e86-93cf-df633b7a11c1" />
    <UnitTestResult executionId="e6587622-f867-4bbe-89ee-71a34f6efd63" testId="482f0f4d-c724-704d-0758-feb496bc125d" testName="JobMarket.Application.Tests.Domain.UserEntityTests.Create_WithEmptyEmail_ThrowsDomainException" computerName="DESKTOP-7NA308U" duration="00:00:00.0546809" startTime="2026-03-14T16:45:00.5244989+02:00" endTime="2026-03-14T16:45:00.5298501+02:00" testType="13cdc9d9-ddb5-4fa4-a97d-d965ccfc6d4b" outcome="Failed" testListId="8c84fa94-04c1-424b-9868-57a2d4851a1d" relativeResultsDirectory="e6587622-f867-4bbe-89ee-71a34f6efd63">
      <Output>
        <ErrorInfo>
          <Message>Expected a &lt;JobMarket.Domain.Exceptions.DomainException&gt; to be thrown, but no exception was thrown.</Message>
          <StackTrace>   at FluentAssertions.Execution.LateBoundTestFramework.Throw(String message)&#xD;
   at FluentAssertions.Execution.DefaultAssertionStrategy.HandleFailure(String message)&#xD;
   at FluentAssertions.Execution.AssertionScope.AddPreFormattedFailure(String formattedFailureMessage)&#xD;
   at FluentAssertions.Execution.AssertionChain.FailWith(Func`1 getFailureReason)&#xD;
   at FluentAssertions.Execution.AssertionChain.FailWith(Func`1 getFailureReason)&#xD;
   at FluentAssertions.Execution.AssertionChain.FailWith(String message)&#xD;
   at FluentAssertions.Specialized.DelegateAssertionsBase`2.&lt;&gt;c__DisplayClass8_0`1.&lt;ThrowInternal&gt;b__0(AssertionChain chain)&#xD;
   at FluentAssertions.Execution.AssertionChain.WithExpectation(String message, Action`1 chain, Object[] args)&#xD;
   at FluentAssertions.Execution.AssertionChain.WithExpectation(String message, Object arg1, Action`1 chain)&#xD;
   at FluentAssertions.Specialized.DelegateAssertionsBase`2.ThrowInternal[TException](Exception exception, String because, Object[] becauseArgs)&#xD;
   at FluentAssertions.Specialized.DelegateAssertions`2.Throw[TException](String because, Object[] becauseArgs)&#xD;
   at JobMarket.Application.Tests.Domain.UserEntityTests.Create_WithEmptyEmail_ThrowsDomainException() in F:\Job Market API\tests\JobMarket.Application.Tests\Domain\UserEntityTests.cs:line 24&#xD;
   at System.Reflection.MethodBaseInvoker.InterpretedInvoke_Method(Object obj, IntPtr* args)&#xD;
   at System.Reflection.MethodBaseInvoker.InvokeWithNoArgs(Object obj, BindingFlags invokeAttr)</StackTrace>
        </ErrorInfo>
      </Output>
    </UnitTestResult>
  </Results>
  <TestDefinitions>
    <UnitTest name="JobMarket.Application.Tests.Domain.UserEntityTests.SetRefreshToken_SetsToken" storage="f:\job market api\tests\jobmarket.application.tests\bin\debug\net10.0\jobmarket.application.tests.dll" id="19794e77-02ce-3b1d-ecae-7d0ee91510eb">
      <Execution id="473f86b5-a13b-42f4-8563-23d1f9333143" />
      <TestMethod codeBase="F:\Job Market API\tests\JobMarket.Application.Tests\bin\Debug\net10.0\JobMarket.Application.Tests.dll" adapterTypeName="executor://xunit/VsTestRunner3/netcore/" className="JobMarket.Application.Tests.Domain.UserEntityTests" name="SetRefreshToken_SetsToken" />
    </UnitTest>
    <UnitTest name="JobMarket.Application.Tests.Handlers.RegisterHandlerTests.Handle_WithNewEmail_ReturnsAuthResponse" storage="f:\job market api\tests\jobmarket.application.tests\bin\debug\net10.0\jobmarket.application.tests.dll" id="14f46868-1965-ddfc-b7ac-44b50ef85b03">
      <Execution id="8d5054a9-a619-40a9-85ff-197854884bda" />
      <TestMethod codeBase="F:\Job Market API\tests\JobMarket.Application.Tests\bin\Debug\net10.0\JobMarket.Application.Tests.dll" adapterTypeName="executor://xunit/VsTestRunner3/netcore/" className="JobMarket.Application.Tests.Handlers.RegisterHandlerTests" name="Handle_WithNewEmail_ReturnsAuthResponse" />
    </UnitTest>
    <UnitTest name="JobMarket.Application.Tests.Validators.UploadCvValidatorTests.Validate_WithValidDocx_IsValid" storage="f:\job market api\tests\jobmarket.application.tests\bin\debug\net10.0\jobmarket.application.tests.dll" id="0af3d498-fd64-8f57-f95e-80bed68e8fc4">
      <Execution id="01ae619d-ad3f-41a6-8dbb-85bdc1e3ae9f" />
      <TestMethod codeBase="F:\Job Market API\tests\JobMarket.Application.Tests\bin\Debug\net10.0\JobMarket.Application.Tests.dll" adapterTypeName="executor://xunit/VsTestRunner3/netcore/" className="JobMarket.Application.Tests.Validators.UploadCvValidatorTests" name="Validate_WithValidDocx_IsValid" />
    </UnitTest>
    <UnitTest name="JobMarket.Application.Tests.Domain.JobEntityTests.Enrich_SetsSkillsAndStatus" storage="f:\job market api\tests\jobmarket.application.tests\bin\debug\net10.0\jobmarket.application.tests.dll" id="4446c3f0-6009-da05-b7ca-ce593ba890f0">
      <Execution id="965bc9aa-eb5e-4ef7-9397-9eec2b0e908f" />
      <TestMethod codeBase="F:\Job Market API\tests\JobMarket.Application.Tests\bin\Debug\net10.0\JobMarket.Application.Tests.dll" adapterTypeName="executor://xunit/VsTestRunner3/netcore/" className="JobMarket.Application.Tests.Domain.JobEntityTests" name="Enrich_SetsSkillsAndStatus" />
    </UnitTest>
    <UnitTest name="JobMarket.Application.Tests.Domain.JobEntityTests.SetEmbedding_SetsEmbeddingProperty" storage="f:\job market api\tests\jobmarket.application.tests\bin\debug\net10.0\jobmarket.application.tests.dll" id="9cd87190-6171-c48d-930c-4ba3f0f1a753">
      <Execution id="af7bdeec-6948-48e8-ae04-cb22b94d5e3f" />
      <TestMethod codeBase="F:\Job Market API\tests\JobMarket.Application.Tests\bin\Debug\net10.0\JobMarket.Application.Tests.dll" adapterTypeName="executor://xunit/VsTestRunner3/netcore/" className="JobMarket.Application.Tests.Domain.JobEntityTests" name="SetEmbedding_SetsEmbeddingProperty" />
    </UnitTest>
    <UnitTest name="JobMarket.Application.Tests.Validators.RegisterValidatorTests.Validate_ReturnsExpectedResult(email: &quot;not-an-email&quot;, password: &quot;Password123!&quot;, shouldBeValid: False)" storage="f:\job market api\tests\jobmarket.application.tests\bin\debug\net10.0\jobmarket.application.tests.dll" id="802648eb-d9c6-819f-29c5-f3138c3c97e8">
      <Execution id="5e2409f4-31fa-4663-bbe7-ae9b1f772cd1" />
      <TestMethod codeBase="F:\Job Market API\tests\JobMarket.Application.Tests\bin\Debug\net10.0\JobMarket.Application.Tests.dll" adapterTypeName="executor://xunit/VsTestRunner3/netcore/" className="JobMarket.Application.Tests.Validators.RegisterValidatorTests" name="Validate_ReturnsExpectedResult" />
    </UnitTest>
    <UnitTest name="JobMarket.Application.Tests.Handlers.RegisterHandlerTests.Handle_WithExistingEmail_ThrowsDomainException" storage="f:\job market api\tests\jobmarket.application.tests\bin\debug\net10.0\jobmarket.application.tests.dll" id="8936577a-9893-9178-4ec6-982431548aaa">
      <Execution id="297680f1-6b59-4b34-a2f1-98649bb9dad8" />
      <TestMethod codeBase="F:\Job Market API\tests\JobMarket.Application.Tests\bin\Debug\net10.0\JobMarket.Application.Tests.dll" adapterTypeName="executor://xunit/VsTestRunner3/netcore/" className="JobMarket.Application.Tests.Handlers.RegisterHandlerTests" name="Handle_WithExistingEmail_ThrowsDomainException" />
    </UnitTest>
    <UnitTest name="JobMarket.Application.Tests.Validators.RegisterValidatorTests.Validate_ReturnsExpectedResult(email: &quot;user@example.com&quot;, password: &quot;short&quot;, shouldBeValid: False)" storage="f:\job market api\tests\jobmarket.application.tests\bin\debug\net10.0\jobmarket.application.tests.dll" id="00505f34-8d40-0c01-c320-516a123d8008">
      <Execution id="4f77416e-6dc6-4544-aea3-b55ecd95421f" />
      <TestMethod codeBase="F:\Job Market API\tests\JobMarket.Application.Tests\bin\Debug\net10.0\JobMarket.Application.Tests.dll" adapterTypeName="executor://xunit/VsTestRunner3/netcore/" className="JobMarket.Application.Tests.Validators.RegisterValidatorTests" name="Validate_ReturnsExpectedResult" />
    </UnitTest>
    <UnitTest name="JobMarket.Application.Tests.Validators.SearchJobsValidatorTests.Validate_WithPageSizeOver100_IsInvalid" storage="f:\job market api\tests\jobmarket.application.tests\bin\debug\net10.0\jobmarket.application.tests.dll" id="1399e9c4-ca08-3a58-4494-35cadd04a2be">
      <Execution id="791f80cb-aa52-48ae-be27-2e3277e4c258" />
      <TestMethod codeBase="F:\Job Market API\tests\JobMarket.Application.Tests\bin\Debug\net10.0\JobMarket.Application.Tests.dll" adapterTypeName="executor://xunit/VsTestRunner3/netcore/" className="JobMarket.Application.Tests.Validators.SearchJobsValidatorTests" name="Validate_WithPageSizeOver100_IsInvalid" />
    </UnitTest>
    <UnitTest name="JobMarket.Application.Tests.Handlers.UploadCvHandlerTests.Handle_ValidUpload_SavesChanges" storage="f:\job market api\tests\jobmarket.application.tests\bin\debug\net10.0\jobmarket.application.tests.dll" id="6042547e-a99e-8bcb-4bc6-bbf271e3fc8c">
      <Execution id="60402c84-4c4b-46b4-9805-e2951bba478c" />
      <TestMethod codeBase="F:\Job Market API\tests\JobMarket.Application.Tests\bin\Debug\net10.0\JobMarket.Application.Tests.dll" adapterTypeName="executor://xunit/VsTestRunner3/netcore/" className="JobMarket.Application.Tests.Handlers.UploadCvHandlerTests" name="Handle_ValidUpload_SavesChanges" />
    </UnitTest>
    <UnitTest name="JobMarket.Application.Tests.Validators.SearchJobsValidatorTests.Validate_WithValidFilter_IsValid" storage="f:\job market api\tests\jobmarket.application.tests\bin\debug\net10.0\jobmarket.application.tests.dll" id="60ac543d-986a-ae03-1abc-bacce0c0111c">
      <Execution id="46c11a53-bfe9-4837-a9cf-c46275cd1ec0" />
      <TestMethod codeBase="F:\Job Market API\tests\JobMarket.Application.Tests\bin\Debug\net10.0\JobMarket.Application.Tests.dll" adapterTypeName="executor://xunit/VsTestRunner3/netcore/" className="JobMarket.Application.Tests.Validators.SearchJobsValidatorTests" name="Validate_WithValidFilter_IsValid" />
    </UnitTest>
    <UnitTest name="JobMarket.Application.Tests.Domain.JobEntityTests.MarkProcessing_UpdatesStatus" storage="f:\job market api\tests\jobmarket.application.tests\bin\debug\net10.0\jobmarket.application.tests.dll" id="7291ef9a-8a65-697c-dcf7-5290045abbe1">
      <Execution id="06f48d7f-eb43-43e5-bd27-56c648ccf840" />
      <TestMethod codeBase="F:\Job Market API\tests\JobMarket.Application.Tests\bin\Debug\net10.0\JobMarket.Application.Tests.dll" adapterTypeName="executor://xunit/VsTestRunner3/netcore/" className="JobMarket.Application.Tests.Domain.JobEntityTests" name="MarkProcessing_UpdatesStatus" />
    </UnitTest>
    <UnitTest name="JobMarket.Application.Tests.Validators.RegisterValidatorTests.Validate_WithPasswordTooShort_HasPasswordError" storage="f:\job market api\tests\jobmarket.application.tests\bin\debug\net10.0\jobmarket.application.tests.dll" id="8dc561e7-976c-e7fb-9a04-18018c147143">
      <Execution id="19c12bb6-8154-4b93-9160-4add028b788d" />
      <TestMethod codeBase="F:\Job Market API\tests\JobMarket.Application.Tests\bin\Debug\net10.0\JobMarket.Application.Tests.dll" adapterTypeName="executor://xunit/VsTestRunner3/netcore/" className="JobMarket.Application.Tests.Validators.RegisterValidatorTests" name="Validate_WithPasswordTooShort_HasPasswordError" />
    </UnitTest>
    <UnitTest name="JobMarket.Application.Tests.Handlers.UploadCvHandlerTests.Handle_WithValidFile_ReturnsCvIdAndStatus" storage="f:\job market api\tests\jobmarket.application.tests\bin\debug\net10.0\jobmarket.application.tests.dll" id="e0bd1652-b1d1-17c4-ddcc-0b3f126978b5">
      <Execution id="6d9228c1-2435-467c-b579-9e75af29a8e7" />
      <TestMethod codeBase="F:\Job Market API\tests\JobMarket.Application.Tests\bin\Debug\net10.0\JobMarket.Application.Tests.dll" adapterTypeName="executor://xunit/VsTestRunner3/netcore/" className="JobMarket.Application.Tests.Handlers.UploadCvHandlerTests" name="Handle_WithValidFile_ReturnsCvIdAndStatus" />
    </UnitTest>
    <UnitTest name="JobMarket.Application.Tests.Domain.UserEntityTests.IsRefreshTokenValid_ReturnsExpectedResult(tokenToCheck: &quot;wrong_token&quot;, expected: False)" storage="f:\job market api\tests\jobmarket.application.tests\bin\debug\net10.0\jobmarket.application.tests.dll" id="0b81e24e-f3dd-2a91-24c2-4d9a366e45e1">
      <Execution id="e7302e3d-0a90-4c95-8bfb-93645fe9fa5d" />
      <TestMethod codeBase="F:\Job Market API\tests\JobMarket.Application.Tests\bin\Debug\net10.0\JobMarket.Application.Tests.dll" adapterTypeName="executor://xunit/VsTestRunner3/netcore/" className="JobMarket.Application.Tests.Domain.UserEntityTests" name="IsRefreshTokenValid_ReturnsExpectedResult" />
    </UnitTest>
    <UnitTest name="JobMarket.Application.Tests.Handlers.LoginHandlerTests.Handle_WithUnknownEmail_ThrowsDomainException" storage="f:\job market api\tests\jobmarket.application.tests\bin\debug\net10.0\jobmarket.application.tests.dll" id="a22bd716-5f04-2193-9089-274cf78e56e9">
      <Execution id="05fe27f3-5827-4e7b-9d84-8016e2a4735c" />
      <TestMethod codeBase="F:\Job Market API\tests\JobMarket.Application.Tests\bin\Debug\net10.0\JobMarket.Application.Tests.dll" adapterTypeName="executor://xunit/VsTestRunner3/netcore/" className="JobMarket.Application.Tests.Handlers.LoginHandlerTests" name="Handle_WithUnknownEmail_ThrowsDomainException" />
    </UnitTest>
    <UnitTest name="JobMarket.Application.Tests.Validators.SearchJobsValidatorTests.Validate_AllCombinations_ReturnsExpectedValidity(page: 1, pageSize: 0, expected: False)" storage="f:\job market api\tests\jobmarket.application.tests\bin\debug\net10.0\jobmarket.application.tests.dll" id="9df318af-7a38-6f22-1b27-4ca1c34cc39c">
      <Execution id="71b6586a-1d8d-4c56-b6ba-8643a6faaffb" />
      <TestMethod codeBase="F:\Job Market API\tests\JobMarket.Application.Tests\bin\Debug\net10.0\JobMarket.Application.Tests.dll" adapterTypeName="executor://xunit/VsTestRunner3/netcore/" className="JobMarket.Application.Tests.Validators.SearchJobsValidatorTests" name="Validate_AllCombinations_ReturnsExpectedValidity" />
    </UnitTest>
    <UnitTest name="JobMarket.Application.Tests.Domain.CvEntityTests.Create_WithValidData_ReturnsCv" storage="f:\job market api\tests\jobmarket.application.tests\bin\debug\net10.0\jobmarket.application.tests.dll" id="0dd6df8d-5d22-acb0-3c44-a7337432c5f8">
      <Execution id="a9759b88-f86d-434f-b9bd-470fba16a6f5" />
      <TestMethod codeBase="F:\Job Market API\tests\JobMarket.Application.Tests\bin\Debug\net10.0\JobMarket.Application.Tests.dll" adapterTypeName="executor://xunit/VsTestRunner3/netcore/" className="JobMarket.Application.Tests.Domain.CvEntityTests" name="Create_WithValidData_ReturnsCv" />
    </UnitTest>
    <UnitTest name="JobMarket.Application.Tests.Validators.RegisterValidatorTests.Validate_WithInvalidEmail_HasEmailError" storage="f:\job market api\tests\jobmarket.application.tests\bin\debug\net10.0\jobmarket.application.tests.dll" id="b4da15e5-0f74-f9cd-08f8-d049470c0fa3">
      <Execution id="374f2ca1-a3e9-40e3-9a5e-89125f0fd97c" />
      <TestMethod codeBase="F:\Job Market API\tests\JobMarket.Application.Tests\bin\Debug\net10.0\JobMarket.Application.Tests.dll" adapterTypeName="executor://xunit/VsTestRunner3/netcore/" className="JobMarket.Application.Tests.Validators.RegisterValidatorTests" name="Validate_WithInvalidEmail_HasEmailError" />
    </UnitTest>
    <UnitTest name="JobMarket.Application.Tests.Validators.SearchJobsValidatorTests.Validate_AllCombinations_ReturnsExpectedValidity(page: 1, pageSize: 100, expected: True)" storage="f:\job market api\tests\jobmarket.application.tests\bin\debug\net10.0\jobmarket.application.tests.dll" id="8bac1b7b-2685-738b-74fe-c2be6daf2db6">
      <Execution id="7e01f010-9b5b-4857-9b84-508071f205ad" />
      <TestMethod codeBase="F:\Job Market API\tests\JobMarket.Application.Tests\bin\Debug\net10.0\JobMarket.Application.Tests.dll" adapterTypeName="executor://xunit/VsTestRunner3/netcore/" className="JobMarket.Application.Tests.Validators.SearchJobsValidatorTests" name="Validate_AllCombinations_ReturnsExpectedValidity" />
    </UnitTest>
    <UnitTest name="JobMarket.Application.Tests.Domain.CvEntityTests.MarkProcessing_UpdatesStatus" storage="f:\job market api\tests\jobmarket.application.tests\bin\debug\net10.0\jobmarket.application.tests.dll" id="108c9de9-73b8-c3d5-5609-709c25e81f4c">
      <Execution id="cbc5e77c-e9b9-4e0f-bdcb-6902d5d95953" />
      <TestMethod codeBase="F:\Job Market API\tests\JobMarket.Application.Tests\bin\Debug\net10.0\JobMarket.Application.Tests.dll" adapterTypeName="executor://xunit/VsTestRunner3/netcore/" className="JobMarket.Application.Tests.Domain.CvEntityTests" name="MarkProcessing_UpdatesStatus" />
    </UnitTest>
    <UnitTest name="JobMarket.Application.Tests.Validators.RegisterValidatorTests.Validate_ReturnsExpectedResult(email: &quot;user@example.com&quot;, password: &quot;Password123!&quot;, shouldBeValid: True)" storage="f:\job market api\tests\jobmarket.application.tests\bin\debug\net10.0\jobmarket.application.tests.dll" id="3d9cceb7-feef-00d7-0af9-109cd1aa8c83">
      <Execution id="789dda51-80a4-42be-9ed7-5bef2167835a" />
      <TestMethod codeBase="F:\Job Market API\tests\JobMarket.Application.Tests\bin\Debug\net10.0\JobMarket.Application.Tests.dll" adapterTypeName="executor://xunit/VsTestRunner3/netcore/" className="JobMarket.Application.Tests.Validators.RegisterValidatorTests" name="Validate_ReturnsExpectedResult" />
    </UnitTest>
    <UnitTest name="JobMarket.Application.Tests.Validators.UploadCvValidatorTests.Validate_WithValidPdf_IsValid" storage="f:\job market api\tests\jobmarket.application.tests\bin\debug\net10.0\jobmarket.application.tests.dll" id="0cb5a31e-80e3-ed96-061a-951b30f0543b">
      <Execution id="e32332ff-c3e5-474b-b06c-aebb25982d47" />
      <TestMethod codeBase="F:\Job Market API\tests\JobMarket.Application.Tests\bin\Debug\net10.0\JobMarket.Application.Tests.dll" adapterTypeName="executor://xunit/VsTestRunner3/netcore/" className="JobMarket.Application.Tests.Validators.UploadCvValidatorTests" name="Validate_WithValidPdf_IsValid" />
    </UnitTest>
    <UnitTest name="JobMarket.Application.Tests.Validators.SearchJobsValidatorTests.Validate_AllCombinations_ReturnsExpectedValidity(page: 5, pageSize: 50, expected: True)" storage="f:\job market api\tests\jobmarket.application.tests\bin\debug\net10.0\jobmarket.application.tests.dll" id="235b8995-e747-4709-dd04-8b39870989bb">
      <Execution id="28cdbf63-df68-48b5-bcf2-15ee02a86f59" />
      <TestMethod codeBase="F:\Job Market API\tests\JobMarket.Application.Tests\bin\Debug\net10.0\JobMarket.Application.Tests.dll" adapterTypeName="executor://xunit/VsTestRunner3/netcore/" className="JobMarket.Application.Tests.Validators.SearchJobsValidatorTests" name="Validate_AllCombinations_ReturnsExpectedValidity" />
    </UnitTest>
    <UnitTest name="JobMarket.Application.Tests.Validators.SearchJobsValidatorTests.Validate_AllCombinations_ReturnsExpectedValidity(page: 1, pageSize: 1, expected: True)" storage="f:\job market api\tests\jobmarket.application.tests\bin\debug\net10.0\jobmarket.application.tests.dll" id="fc2cb2b3-1425-9556-2874-9b6064c7f4c0">
      <Execution id="968cf30f-a74e-41df-87b6-413b631c35ac" />
      <TestMethod codeBase="F:\Job Market API\tests\JobMarket.Application.Tests\bin\Debug\net10.0\JobMarket.Application.Tests.dll" adapterTypeName="executor://xunit/VsTestRunner3/netcore/" className="JobMarket.Application.Tests.Validators.SearchJobsValidatorTests" name="Validate_AllCombinations_ReturnsExpectedValidity" />
    </UnitTest>
    <UnitTest name="JobMarket.Application.Tests.Domain.JobEntityTests.Create_WithEmptyTitle_ThrowsDomainException" storage="f:\job market api\tests\jobmarket.application.tests\bin\debug\net10.0\jobmarket.application.tests.dll" id="36b26052-5e9a-b99d-e320-fef4075c9ab9">
      <Execution id="c91b9257-0e84-4fe2-8941-fa2f8d334824" />
      <TestMethod codeBase="F:\Job Market API\tests\JobMarket.Application.Tests\bin\Debug\net10.0\JobMarket.Application.Tests.dll" adapterTypeName="executor://xunit/VsTestRunner3/netcore/" className="JobMarket.Application.Tests.Domain.JobEntityTests" name="Create_WithEmptyTitle_ThrowsDomainException" />
    </UnitTest>
    <UnitTest name="JobMarket.Application.Tests.Validators.UploadCvValidatorTests.Validate_WithInvalidExtension_HasFileNameError" storage="f:\job market api\tests\jobmarket.application.tests\bin\debug\net10.0\jobmarket.application.tests.dll" id="486a7046-e858-6163-6862-f78f3e3f5333">
      <Execution id="d37278df-db51-4253-b5ff-788eeac4a0fb" />
      <TestMethod codeBase="F:\Job Market API\tests\JobMarket.Application.Tests\bin\Debug\net10.0\JobMarket.Application.Tests.dll" adapterTypeName="executor://xunit/VsTestRunner3/netcore/" className="JobMarket.Application.Tests.Validators.UploadCvValidatorTests" name="Validate_WithInvalidExtension_HasFileNameError" />
    </UnitTest>
    <UnitTest name="JobMarket.Application.Tests.Handlers.LoginHandlerTests.Handle_WithValidCredentials_ReturnsAuthResponse" storage="f:\job market api\tests\jobmarket.application.tests\bin\debug\net10.0\jobmarket.application.tests.dll" id="630a7ca5-bb0b-d660-e722-669efd546746">
      <Execution id="bf606035-86f5-471e-be19-ff55225dff77" />
      <TestMethod codeBase="F:\Job Market API\tests\JobMarket.Application.Tests\bin\Debug\net10.0\JobMarket.Application.Tests.dll" adapterTypeName="executor://xunit/VsTestRunner3/netcore/" className="JobMarket.Application.Tests.Handlers.LoginHandlerTests" name="Handle_WithValidCredentials_ReturnsAuthResponse" />
    </UnitTest>
    <UnitTest name="JobMarket.Application.Tests.Domain.UserEntityTests.IsRefreshTokenValid_ReturnsExpectedResult(tokenToCheck: &quot;correct_token&quot;, expected: True)" storage="f:\job market api\tests\jobmarket.application.tests\bin\debug\net10.0\jobmarket.application.tests.dll" id="348e0a69-cc80-4d17-0562-8f36953759d3">
      <Execution id="98368fac-e388-4ebf-8ca3-ad2670a51cd8" />
      <TestMethod codeBase="F:\Job Market API\tests\JobMarket.Application.Tests\bin\Debug\net10.0\JobMarket.Application.Tests.dll" adapterTypeName="executor://xunit/VsTestRunner3/netcore/" className="JobMarket.Application.Tests.Domain.UserEntityTests" name="IsRefreshTokenValid_ReturnsExpectedResult" />
    </UnitTest>
    <UnitTest name="JobMarket.Application.Tests.Handlers.RegisterHandlerTests.Handle_WithNewEmail_CallsPasswordHasher" storage="f:\job market api\tests\jobmarket.application.tests\bin\debug\net10.0\jobmarket.application.tests.dll" id="bab89ddd-4836-1f46-0a59-83d740e03477">
      <Execution id="72ea1d28-c1c6-48d5-8b62-7c68c78de4a7" />
      <TestMethod codeBase="F:\Job Market API\tests\JobMarket.Application.Tests\bin\Debug\net10.0\JobMarket.Application.Tests.dll" adapterTypeName="executor://xunit/VsTestRunner3/netcore/" className="JobMarket.Application.Tests.Handlers.RegisterHandlerTests" name="Handle_WithNewEmail_CallsPasswordHasher" />
    </UnitTest>
    <UnitTest name="JobMarket.Application.Tests.Domain.JobEntityTests.MarkFailed_SetsFailedStatus" storage="f:\job market api\tests\jobmarket.application.tests\bin\debug\net10.0\jobmarket.application.tests.dll" id="e798be56-53f9-4778-4ac9-c9bc8f9b99a4">
      <Execution id="d7f59970-4ff5-4e86-93cf-df633b7a11c1" />
      <TestMethod codeBase="F:\Job Market API\tests\JobMarket.Application.Tests\bin\Debug\net10.0\JobMarket.Application.Tests.dll" adapterTypeName="executor://xunit/VsTestRunner3/netcore/" className="JobMarket.Application.Tests.Domain.JobEntityTests" name="MarkFailed_SetsFailedStatus" />
    </UnitTest>
    <UnitTest name="JobMarket.Application.Tests.Validators.RegisterValidatorTests.Validate_ReturnsExpectedResult(email: &quot;user@example.com&quot;, password: &quot;&quot;, shouldBeValid: False)" storage="f:\job market api\tests\jobmarket.application.tests\bin\debug\net10.0\jobmarket.application.tests.dll" id="47542c56-e7af-7511-5bdb-0b11988bd364">
      <Execution id="d928d1c5-cf8a-473d-a495-48a92b94050d" />
      <TestMethod codeBase="F:\Job Market API\tests\JobMarket.Application.Tests\bin\Debug\net10.0\JobMarket.Application.Tests.dll" adapterTypeName="executor://xunit/VsTestRunner3/netcore/" className="JobMarket.Application.Tests.Validators.RegisterValidatorTests" name="Validate_ReturnsExpectedResult" />
    </UnitTest>
    <UnitTest name="JobMarket.Application.Tests.Validators.UploadCvValidatorTests.Validate_WithOversizedFile_HasFileStreamError" storage="f:\job market api\tests\jobmarket.application.tests\bin\debug\net10.0\jobmarket.application.tests.dll" id="7b9f8501-af78-8d62-1b6d-5e809720a276">
      <Execution id="20fd35d3-b585-42a0-9957-f6dcf4a2e245" />
      <TestMethod codeBase="F:\Job Market API\tests\JobMarket.Application.Tests\bin\Debug\net10.0\JobMarket.Application.Tests.dll" adapterTypeName="executor://xunit/VsTestRunner3/netcore/" className="JobMarket.Application.Tests.Validators.UploadCvValidatorTests" name="Validate_WithOversizedFile_HasFileStreamError" />
    </UnitTest>
    <UnitTest name="JobMarket.Application.Tests.Handlers.UploadCvHandlerTests.Handle_ValidUpload_EnqueuesProcessingJob" storage="f:\job market api\tests\jobmarket.application.tests\bin\debug\net10.0\jobmarket.application.tests.dll" id="3e99d334-9139-18e1-5083-f3cb03d287dd">
      <Execution id="062a87d2-f99f-450c-a3a5-625f9d7dc91d" />
      <TestMethod codeBase="F:\Job Market API\tests\JobMarket.Application.Tests\bin\Debug\net10.0\JobMarket.Application.Tests.dll" adapterTypeName="executor://xunit/VsTestRunner3/netcore/" className="JobMarket.Application.Tests.Handlers.UploadCvHandlerTests" name="Handle_ValidUpload_EnqueuesProcessingJob" />
    </UnitTest>
    <UnitTest name="JobMarket.Application.Tests.Domain.CvEntityTests.SetParsedData_UpdatesDataAndStatus" storage="f:\job market api\tests\jobmarket.application.tests\bin\debug\net10.0\jobmarket.application.tests.dll" id="9a550f83-442c-5f7d-1ceb-057352717274">
      <Execution id="286caad7-6f0e-47e0-a5d2-0ca07a82e226" />
      <TestMethod codeBase="F:\Job Market API\tests\JobMarket.Application.Tests\bin\Debug\net10.0\JobMarket.Application.Tests.dll" adapterTypeName="executor://xunit/VsTestRunner3/netcore/" className="JobMarket.Application.Tests.Domain.CvEntityTests" name="SetParsedData_UpdatesDataAndStatus" />
    </UnitTest>
    <UnitTest name="JobMarket.Application.Tests.Domain.JobEntityTests.Create_WithEmptySourceUrl_ThrowsDomainException" storage="f:\job market api\tests\jobmarket.application.tests\bin\debug\net10.0\jobmarket.application.tests.dll" id="51db2d0f-dc4b-2eb0-3f52-4f564b279bdd">
      <Execution id="f5c71a2f-65bc-45f1-92ae-8ee6f1a79dc9" />
      <TestMethod codeBase="F:\Job Market API\tests\JobMarket.Application.Tests\bin\Debug\net10.0\JobMarket.Application.Tests.dll" adapterTypeName="executor://xunit/VsTestRunner3/netcore/" className="JobMarket.Application.Tests.Domain.JobEntityTests" name="Create_WithEmptySourceUrl_ThrowsDomainException" />
    </UnitTest>
    <UnitTest name="JobMarket.Application.Tests.Validators.SearchJobsValidatorTests.Validate_AllCombinations_ReturnsExpectedValidity(page: 1, pageSize: 101, expected: False)" storage="f:\job market api\tests\jobmarket.application.tests\bin\debug\net10.0\jobmarket.application.tests.dll" id="90375e5f-16c3-f756-32e1-5dbf43d1f474">
      <Execution id="38fa385b-8b67-47c5-8451-98f616d41d02" />
      <TestMethod codeBase="F:\Job Market API\tests\JobMarket.Application.Tests\bin\Debug\net10.0\JobMarket.Application.Tests.dll" adapterTypeName="executor://xunit/VsTestRunner3/netcore/" className="JobMarket.Application.Tests.Validators.SearchJobsValidatorTests" name="Validate_AllCombinations_ReturnsExpectedValidity" />
    </UnitTest>
    <UnitTest name="JobMarket.Application.Tests.Handlers.LoginHandlerTests.Handle_WithWrongPassword_ThrowsDomainException" storage="f:\job market api\tests\jobmarket.application.tests\bin\debug\net10.0\jobmarket.application.tests.dll" id="93b0697c-6e86-c4f7-f26a-673a7e2999c8">
      <Execution id="df4cc1f8-4e16-4745-86ad-14d04bbc17fe" />
      <TestMethod codeBase="F:\Job Market API\tests\JobMarket.Application.Tests\bin\Debug\net10.0\JobMarket.Application.Tests.dll" adapterTypeName="executor://xunit/VsTestRunner3/netcore/" className="JobMarket.Application.Tests.Handlers.LoginHandlerTests" name="Handle_WithWrongPassword_ThrowsDomainException" />
    </UnitTest>
    <UnitTest name="JobMarket.Application.Tests.Domain.CvEntityTests.MarkEnriched_SetsAllFieldsAndStatus" storage="f:\job market api\tests\jobmarket.application.tests\bin\debug\net10.0\jobmarket.application.tests.dll" id="5e42636c-4cf4-5f5d-9a9a-9e3c135ac662">
      <Execution id="15a0e2ef-b408-4e54-8892-dacc1705c73d" />
      <TestMethod codeBase="F:\Job Market API\tests\JobMarket.Application.Tests\bin\Debug\net10.0\JobMarket.Application.Tests.dll" adapterTypeName="executor://xunit/VsTestRunner3/netcore/" className="JobMarket.Application.Tests.Domain.CvEntityTests" name="MarkEnriched_SetsAllFieldsAndStatus" />
    </UnitTest>
    <UnitTest name="JobMarket.Application.Tests.Domain.JobEntityTests.Create_WithValidData_ReturnsJob" storage="f:\job market api\tests\jobmarket.application.tests\bin\debug\net10.0\jobmarket.application.tests.dll" id="cf8fcf0c-ebc1-a275-23d7-0bf0394c3af1">
      <Execution id="2c22fafb-240c-4ede-b56f-e1b4e60d3bfa" />
      <TestMethod codeBase="F:\Job Market API\tests\JobMarket.Application.Tests\bin\Debug\net10.0\JobMarket.Application.Tests.dll" adapterTypeName="executor://xunit/VsTestRunner3/netcore/" className="JobMarket.Application.Tests.Domain.JobEntityTests" name="Create_WithValidData_ReturnsJob" />
    </UnitTest>
    <UnitTest name="JobMarket.Application.Tests.Validators.SearchJobsValidatorTests.Validate_AllCombinations_ReturnsExpectedValidity(page: 0, pageSize: 20, expected: False)" storage="f:\job market api\tests\jobmarket.application.tests\bin\debug\net10.0\jobmarket.application.tests.dll" id="543a9d6c-a31a-142b-6895-09870adb14d2">
      <Execution id="a2d491cc-959c-48ef-b97a-764f674392ed" />
      <TestMethod codeBase="F:\Job Market API\tests\JobMarket.Application.Tests\bin\Debug\net10.0\JobMarket.Application.Tests.dll" adapterTypeName="executor://xunit/VsTestRunner3/netcore/" className="JobMarket.Application.Tests.Validators.SearchJobsValidatorTests" name="Validate_AllCombinations_ReturnsExpectedValidity" />
    </UnitTest>
    <UnitTest name="JobMarket.Application.Tests.Domain.UserEntityTests.Create_WithValidData_ReturnsUser" storage="f:\job market api\tests\jobmarket.application.tests\bin\debug\net10.0\jobmarket.application.tests.dll" id="f508a65a-f670-1c57-8109-e8caf09d6f2c">
      <Execution id="ae4988e9-88c1-41fa-b9a4-1ace282897a9" />
      <TestMethod codeBase="F:\Job Market API\tests\JobMarket.Application.Tests\bin\Debug\net10.0\JobMarket.Application.Tests.dll" adapterTypeName="executor://xunit/VsTestRunner3/netcore/" className="JobMarket.Application.Tests.Domain.UserEntityTests" name="Create_WithValidData_ReturnsUser" />
    </UnitTest>
    <UnitTest name="JobMarket.Application.Tests.Validators.RegisterValidatorTests.Validate_ReturnsExpectedResult(email: &quot;&quot;, password: &quot;Password123!&quot;, shouldBeValid: False)" storage="f:\job market api\tests\jobmarket.application.tests\bin\debug\net10.0\jobmarket.application.tests.dll" id="34574db3-b4c0-2609-ed69-dfe7fd8095e0">
      <Execution id="eec69900-42d5-4ff3-9974-81f94fe33a3c" />
      <TestMethod codeBase="F:\Job Market API\tests\JobMarket.Application.Tests\bin\Debug\net10.0\JobMarket.Application.Tests.dll" adapterTypeName="executor://xunit/VsTestRunner3/netcore/" className="JobMarket.Application.Tests.Validators.RegisterValidatorTests" name="Validate_ReturnsExpectedResult" />
    </UnitTest>
    <UnitTest name="JobMarket.Application.Tests.Domain.CvEntityTests.MarkFailed_SetsFailedStatus" storage="f:\job market api\tests\jobmarket.application.tests\bin\debug\net10.0\jobmarket.application.tests.dll" id="a14a2997-9c3b-27ca-3510-e54a08c0b752">
      <Execution id="6cdc4db8-957c-44dc-a527-c7433275c962" />
      <TestMethod codeBase="F:\Job Market API\tests\JobMarket.Application.Tests\bin\Debug\net10.0\JobMarket.Application.Tests.dll" adapterTypeName="executor://xunit/VsTestRunner3/netcore/" className="JobMarket.Application.Tests.Domain.CvEntityTests" name="MarkFailed_SetsFailedStatus" />
    </UnitTest>
    <UnitTest name="JobMarket.Application.Tests.Validators.UploadCvValidatorTests.Validate_WithEmptyUserId_HasUserIdError" storage="f:\job market api\tests\jobmarket.application.tests\bin\debug\net10.0\jobmarket.application.tests.dll" id="cac00609-838d-51e1-211f-b048c2711004">
      <Execution id="a83f69e8-c847-454a-a860-e26367b81da0" />
      <TestMethod codeBase="F:\Job Market API\tests\JobMarket.Application.Tests\bin\Debug\net10.0\JobMarket.Application.Tests.dll" adapterTypeName="executor://xunit/VsTestRunner3/netcore/" className="JobMarket.Application.Tests.Validators.UploadCvValidatorTests" name="Validate_WithEmptyUserId_HasUserIdError" />
    </UnitTest>
    <UnitTest name="JobMarket.Application.Tests.Validators.SearchJobsValidatorTests.Validate_WithPageZero_IsInvalid" storage="f:\job market api\tests\jobmarket.application.tests\bin\debug\net10.0\jobmarket.application.tests.dll" id="1316f7ee-093b-b92d-f993-2fd8df8fc82d">
      <Execution id="680c7634-543f-4c5a-959e-05aa40a4f3e6" />
      <TestMethod codeBase="F:\Job Market API\tests\JobMarket.Application.Tests\bin\Debug\net10.0\JobMarket.Application.Tests.dll" adapterTypeName="executor://xunit/VsTestRunner3/netcore/" className="JobMarket.Application.Tests.Validators.SearchJobsValidatorTests" name="Validate_WithPageZero_IsInvalid" />
    </UnitTest>
    <UnitTest name="JobMarket.Application.Tests.Domain.UserEntityTests.Create_WithEmptyEmail_ThrowsDomainException" storage="f:\job market api\tests\jobmarket.application.tests\bin\debug\net10.0\jobmarket.application.tests.dll" id="482f0f4d-c724-704d-0758-feb496bc125d">
      <Execution id="e6587622-f867-4bbe-89ee-71a34f6efd63" />
      <TestMethod codeBase="F:\Job Market API\tests\JobMarket.Application.Tests\bin\Debug\net10.0\JobMarket.Application.Tests.dll" adapterTypeName="executor://xunit/VsTestRunner3/netcore/" className="JobMarket.Application.Tests.Domain.UserEntityTests" name="Create_WithEmptyEmail_ThrowsDomainException" />
    </UnitTest>
    <UnitTest name="JobMarket.Application.Tests.Domain.JobEntityTests.Enrich_WithEmbedding_SetsEmbedding" storage="f:\job market api\tests\jobmarket.application.tests\bin\debug\net10.0\jobmarket.application.tests.dll" id="ba5464ef-1cb5-9389-e32a-63da0d5b0cad">
      <Execution id="0a12b333-a922-42db-b871-8b03d48bd07a" />
      <TestMethod codeBase="F:\Job Market API\tests\JobMarket.Application.Tests\bin\Debug\net10.0\JobMarket.Application.Tests.dll" adapterTypeName="executor://xunit/VsTestRunner3/netcore/" className="JobMarket.Application.Tests.Domain.JobEntityTests" name="Enrich_WithEmbedding_SetsEmbedding" />
    </UnitTest>
  </TestDefinitions>
  <TestEntries>
    <TestEntry testId="1399e9c4-ca08-3a58-4494-35cadd04a2be" executionId="791f80cb-aa52-48ae-be27-2e3277e4c258" testListId="8c84fa94-04c1-424b-9868-57a2d4851a1d" />
    <TestEntry testId="6042547e-a99e-8bcb-4bc6-bbf271e3fc8c" executionId="60402c84-4c4b-46b4-9805-e2951bba478c" testListId="8c84fa94-04c1-424b-9868-57a2d4851a1d" />
    <TestEntry testId="7b9f8501-af78-8d62-1b6d-5e809720a276" executionId="20fd35d3-b585-42a0-9957-f6dcf4a2e245" testListId="8c84fa94-04c1-424b-9868-57a2d4851a1d" />
    <TestEntry testId="cf8fcf0c-ebc1-a275-23d7-0bf0394c3af1" executionId="2c22fafb-240c-4ede-b56f-e1b4e60d3bfa" testListId="8c84fa94-04c1-424b-9868-57a2d4851a1d" />
    <TestEntry testId="14f46868-1965-ddfc-b7ac-44b50ef85b03" executionId="8d5054a9-a619-40a9-85ff-197854884bda" testListId="8c84fa94-04c1-424b-9868-57a2d4851a1d" />
    <TestEntry testId="e0bd1652-b1d1-17c4-ddcc-0b3f126978b5" executionId="6d9228c1-2435-467c-b579-9e75af29a8e7" testListId="8c84fa94-04c1-424b-9868-57a2d4851a1d" />
    <TestEntry testId="51db2d0f-dc4b-2eb0-3f52-4f564b279bdd" executionId="f5c71a2f-65bc-45f1-92ae-8ee6f1a79dc9" testListId="8c84fa94-04c1-424b-9868-57a2d4851a1d" />
    <TestEntry testId="00505f34-8d40-0c01-c320-516a123d8008" executionId="4f77416e-6dc6-4544-aea3-b55ecd95421f" testListId="8c84fa94-04c1-424b-9868-57a2d4851a1d" />
    <TestEntry testId="47542c56-e7af-7511-5bdb-0b11988bd364" executionId="d928d1c5-cf8a-473d-a495-48a92b94050d" testListId="8c84fa94-04c1-424b-9868-57a2d4851a1d" />
    <TestEntry testId="5e42636c-4cf4-5f5d-9a9a-9e3c135ac662" executionId="15a0e2ef-b408-4e54-8892-dacc1705c73d" testListId="8c84fa94-04c1-424b-9868-57a2d4851a1d" />
    <TestEntry testId="fc2cb2b3-1425-9556-2874-9b6064c7f4c0" executionId="968cf30f-a74e-41df-87b6-413b631c35ac" testListId="8c84fa94-04c1-424b-9868-57a2d4851a1d" />
    <TestEntry testId="7291ef9a-8a65-697c-dcf7-5290045abbe1" executionId="06f48d7f-eb43-43e5-bd27-56c648ccf840" testListId="8c84fa94-04c1-424b-9868-57a2d4851a1d" />
    <TestEntry testId="93b0697c-6e86-c4f7-f26a-673a7e2999c8" executionId="df4cc1f8-4e16-4745-86ad-14d04bbc17fe" testListId="8c84fa94-04c1-424b-9868-57a2d4851a1d" />
    <TestEntry testId="0af3d498-fd64-8f57-f95e-80bed68e8fc4" executionId="01ae619d-ad3f-41a6-8dbb-85bdc1e3ae9f" testListId="8c84fa94-04c1-424b-9868-57a2d4851a1d" />
    <TestEntry testId="235b8995-e747-4709-dd04-8b39870989bb" executionId="28cdbf63-df68-48b5-bcf2-15ee02a86f59" testListId="8c84fa94-04c1-424b-9868-57a2d4851a1d" />
    <TestEntry testId="34574db3-b4c0-2609-ed69-dfe7fd8095e0" executionId="eec69900-42d5-4ff3-9974-81f94fe33a3c" testListId="8c84fa94-04c1-424b-9868-57a2d4851a1d" />
    <TestEntry testId="9cd87190-6171-c48d-930c-4ba3f0f1a753" executionId="af7bdeec-6948-48e8-ae04-cb22b94d5e3f" testListId="8c84fa94-04c1-424b-9868-57a2d4851a1d" />
    <TestEntry testId="0b81e24e-f3dd-2a91-24c2-4d9a366e45e1" executionId="e7302e3d-0a90-4c95-8bfb-93645fe9fa5d" testListId="8c84fa94-04c1-424b-9868-57a2d4851a1d" />
    <TestEntry testId="3e99d334-9139-18e1-5083-f3cb03d287dd" executionId="062a87d2-f99f-450c-a3a5-625f9d7dc91d" testListId="8c84fa94-04c1-424b-9868-57a2d4851a1d" />
    <TestEntry testId="9df318af-7a38-6f22-1b27-4ca1c34cc39c" executionId="71b6586a-1d8d-4c56-b6ba-8643a6faaffb" testListId="8c84fa94-04c1-424b-9868-57a2d4851a1d" />
    <TestEntry testId="0dd6df8d-5d22-acb0-3c44-a7337432c5f8" executionId="a9759b88-f86d-434f-b9bd-470fba16a6f5" testListId="8c84fa94-04c1-424b-9868-57a2d4851a1d" />
    <TestEntry testId="b4da15e5-0f74-f9cd-08f8-d049470c0fa3" executionId="374f2ca1-a3e9-40e3-9a5e-89125f0fd97c" testListId="8c84fa94-04c1-424b-9868-57a2d4851a1d" />
    <TestEntry testId="8dc561e7-976c-e7fb-9a04-18018c147143" executionId="19c12bb6-8154-4b93-9160-4add028b788d" testListId="8c84fa94-04c1-424b-9868-57a2d4851a1d" />
    <TestEntry testId="9a550f83-442c-5f7d-1ceb-057352717274" executionId="286caad7-6f0e-47e0-a5d2-0ca07a82e226" testListId="8c84fa94-04c1-424b-9868-57a2d4851a1d" />
    <TestEntry testId="bab89ddd-4836-1f46-0a59-83d740e03477" executionId="72ea1d28-c1c6-48d5-8b62-7c68c78de4a7" testListId="8c84fa94-04c1-424b-9868-57a2d4851a1d" />
    <TestEntry testId="0cb5a31e-80e3-ed96-061a-951b30f0543b" executionId="e32332ff-c3e5-474b-b06c-aebb25982d47" testListId="8c84fa94-04c1-424b-9868-57a2d4851a1d" />
    <TestEntry testId="630a7ca5-bb0b-d660-e722-669efd546746" executionId="bf606035-86f5-471e-be19-ff55225dff77" testListId="8c84fa94-04c1-424b-9868-57a2d4851a1d" />
    <TestEntry testId="4446c3f0-6009-da05-b7ca-ce593ba890f0" executionId="965bc9aa-eb5e-4ef7-9397-9eec2b0e908f" testListId="8c84fa94-04c1-424b-9868-57a2d4851a1d" />
    <TestEntry testId="ba5464ef-1cb5-9389-e32a-63da0d5b0cad" executionId="0a12b333-a922-42db-b871-8b03d48bd07a" testListId="8c84fa94-04c1-424b-9868-57a2d4851a1d" />
    <TestEntry testId="348e0a69-cc80-4d17-0562-8f36953759d3" executionId="98368fac-e388-4ebf-8ca3-ad2670a51cd8" testListId="8c84fa94-04c1-424b-9868-57a2d4851a1d" />
    <TestEntry testId="60ac543d-986a-ae03-1abc-bacce0c0111c" executionId="46c11a53-bfe9-4837-a9cf-c46275cd1ec0" testListId="8c84fa94-04c1-424b-9868-57a2d4851a1d" />
    <TestEntry testId="cac00609-838d-51e1-211f-b048c2711004" executionId="a83f69e8-c847-454a-a860-e26367b81da0" testListId="8c84fa94-04c1-424b-9868-57a2d4851a1d" />
    <TestEntry testId="19794e77-02ce-3b1d-ecae-7d0ee91510eb" executionId="473f86b5-a13b-42f4-8563-23d1f9333143" testListId="8c84fa94-04c1-424b-9868-57a2d4851a1d" />
    <TestEntry testId="108c9de9-73b8-c3d5-5609-709c25e81f4c" executionId="cbc5e77c-e9b9-4e0f-bdcb-6902d5d95953" testListId="8c84fa94-04c1-424b-9868-57a2d4851a1d" />
    <TestEntry testId="90375e5f-16c3-f756-32e1-5dbf43d1f474" executionId="38fa385b-8b67-47c5-8451-98f616d41d02" testListId="8c84fa94-04c1-424b-9868-57a2d4851a1d" />
    <TestEntry testId="36b26052-5e9a-b99d-e320-fef4075c9ab9" executionId="c91b9257-0e84-4fe2-8941-fa2f8d334824" testListId="8c84fa94-04c1-424b-9868-57a2d4851a1d" />
    <TestEntry testId="543a9d6c-a31a-142b-6895-09870adb14d2" executionId="a2d491cc-959c-48ef-b97a-764f674392ed" testListId="8c84fa94-04c1-424b-9868-57a2d4851a1d" />
    <TestEntry testId="3d9cceb7-feef-00d7-0af9-109cd1aa8c83" executionId="789dda51-80a4-42be-9ed7-5bef2167835a" testListId="8c84fa94-04c1-424b-9868-57a2d4851a1d" />
    <TestEntry testId="8936577a-9893-9178-4ec6-982431548aaa" executionId="297680f1-6b59-4b34-a2f1-98649bb9dad8" testListId="8c84fa94-04c1-424b-9868-57a2d4851a1d" />
    <TestEntry testId="802648eb-d9c6-819f-29c5-f3138c3c97e8" executionId="5e2409f4-31fa-4663-bbe7-ae9b1f772cd1" testListId="8c84fa94-04c1-424b-9868-57a2d4851a1d" />
    <TestEntry testId="f508a65a-f670-1c57-8109-e8caf09d6f2c" executionId="ae4988e9-88c1-41fa-b9a4-1ace282897a9" testListId="8c84fa94-04c1-424b-9868-57a2d4851a1d" />
    <TestEntry testId="8bac1b7b-2685-738b-74fe-c2be6daf2db6" executionId="7e01f010-9b5b-4857-9b84-508071f205ad" testListId="8c84fa94-04c1-424b-9868-57a2d4851a1d" />
    <TestEntry testId="a22bd716-5f04-2193-9089-274cf78e56e9" executionId="05fe27f3-5827-4e7b-9d84-8016e2a4735c" testListId="8c84fa94-04c1-424b-9868-57a2d4851a1d" />
    <TestEntry testId="a14a2997-9c3b-27ca-3510-e54a08c0b752" executionId="6cdc4db8-957c-44dc-a527-c7433275c962" testListId="8c84fa94-04c1-424b-9868-57a2d4851a1d" />
    <TestEntry testId="486a7046-e858-6163-6862-f78f3e3f5333" executionId="d37278df-db51-4253-b5ff-788eeac4a0fb" testListId="8c84fa94-04c1-424b-9868-57a2d4851a1d" />
    <TestEntry testId="1316f7ee-093b-b92d-f993-2fd8df8fc82d" executionId="680c7634-543f-4c5a-959e-05aa40a4f3e6" testListId="8c84fa94-04c1-424b-9868-57a2d4851a1d" />
    <TestEntry testId="e798be56-53f9-4778-4ac9-c9bc8f9b99a4" executionId="d7f59970-4ff5-4e86-93cf-df633b7a11c1" testListId="8c84fa94-04c1-424b-9868-57a2d4851a1d" />
    <TestEntry testId="482f0f4d-c724-704d-0758-feb496bc125d" executionId="e6587622-f867-4bbe-89ee-71a34f6efd63" testListId="8c84fa94-04c1-424b-9868-57a2d4851a1d" />
  </TestEntries>
  <TestLists>
    <TestList name="Results Not in a List" id="8c84fa94-04c1-424b-9868-57a2d4851a1d" />
    <TestList name="All Loaded Results" id="19431567-8539-422a-85d7-44ee4e166bda" />
  </TestLists>
  <ResultSummary outcome="Failed">
    <Counters total="48" executed="48" passed="47" failed="1" error="0" timeout="0" aborted="0" inconclusive="0" passedButRunAborted="0" notRunnable="0" notExecuted="0" disconnected="0" warning="0" completed="0" inProgress="0" pending="0" />
    <Output>
      <StdOut>[xUnit.net 00:00:00.00] xUnit.net VSTest Adapter v3.1.4+50e68bbb8b (64-bit .NET 10.0.4)&#xD;
[xUnit.net 00:00:00.09]   Discovering: JobMarket.Application.Tests&#xD;
[xUnit.net 00:00:00.16]   Discovered:  JobMarket.Application.Tests&#xD;
[xUnit.net 00:00:00.20]   Starting:    JobMarket.Application.Tests&#xD;
     Warning:&#xD;
     The component "Fluent Assertions" is governed by the rules defined in the Xceed License Agreement and&#xD;
     the Xceed Fluent Assertions Community License. You may use Fluent Assertions free of charge for&#xD;
     non-commercial use only. An active subscription is required to use Fluent Assertions for commercial use.&#xD;
     Please contact Xceed Sales mailto:sales@xceed.com to acquire a subscription at a very low cost.&#xD;
     A paid commercial license supports the development and continued increasing support of&#xD;
     Fluent Assertions users under both commercial and community licenses. Help us&#xD;
     keep Fluent Assertions at the forefront of unit testing.&#xD;
     For more information, visit https://xceed.com/products/unit-testing/fluent-assertions/&#xD;
[xUnit.net 00:00:00.34]       Expected a &lt;JobMarket.Domain.Exceptions.DomainException&gt; to be thrown, but no exception was thrown.&#xD;
[xUnit.net 00:00:00.34]       Stack Trace:&#xD;
[xUnit.net 00:00:00.34]            at FluentAssertions.Execution.LateBoundTestFramework.Throw(String message)&#xD;
[xUnit.net 00:00:00.34]            at FluentAssertions.Execution.DefaultAssertionStrategy.HandleFailure(String message)&#xD;
[xUnit.net 00:00:00.34]            at FluentAssertions.Execution.AssertionScope.AddPreFormattedFailure(String formattedFailureMessage)&#xD;
[xUnit.net 00:00:00.34]            at FluentAssertions.Execution.AssertionChain.FailWith(Func`1 getFailureReason)&#xD;
[xUnit.net 00:00:00.34]            at FluentAssertions.Execution.AssertionChain.FailWith(Func`1 getFailureReason)&#xD;
[xUnit.net 00:00:00.34]            at FluentAssertions.Execution.AssertionChain.FailWith(String message)&#xD;
[xUnit.net 00:00:00.34]            at FluentAssertions.Specialized.DelegateAssertionsBase`2.&lt;&gt;c__DisplayClass8_0`1.&lt;ThrowInternal&gt;b__0(AssertionChain chain)&#xD;
[xUnit.net 00:00:00.34]            at FluentAssertions.Execution.AssertionChain.WithExpectation(String message, Action`1 chain, Object[] args)&#xD;
[xUnit.net 00:00:00.34]            at FluentAssertions.Execution.AssertionChain.WithExpectation(String message, Object arg1, Action`1 chain)&#xD;
[xUnit.net 00:00:00.34]            at FluentAssertions.Specialized.DelegateAssertionsBase`2.ThrowInternal[TException](Exception exception, String because, Object[] becauseArgs)&#xD;
[xUnit.net 00:00:00.34]            at FluentAssertions.Specialized.DelegateAssertions`2.Throw[TException](String because, Object[] becauseArgs)&#xD;
[xUnit.net 00:00:00.34]         F:\Job Market API\tests\JobMarket.Application.Tests\Domain\UserEntityTests.cs(24,0): at JobMarket.Application.Tests.Domain.UserEntityTests.Create_WithEmptyEmail_ThrowsDomainException()&#xD;
[xUnit.net 00:00:00.34]            at System.Reflection.MethodBaseInvoker.InterpretedInvoke_Method(Object obj, IntPtr* args)&#xD;
[xUnit.net 00:00:00.34]            at System.Reflection.MethodBaseInvoker.InvokeWithNoArgs(Object obj, BindingFlags invokeAttr)&#xD;
[xUnit.net 00:00:00.36]   Finished:    JobMarket.Application.Tests&#xD;
</StdOut>
    </Output>
    <RunInfos>
      <RunInfo computerName="DESKTOP-7NA308U" outcome="Error" timestamp="2026-03-14T16:45:00.5551476+02:00">
        <Text>[xUnit.net 00:00:00.33]     JobMarket.Application.Tests.Domain.UserEntityTests.Create_WithEmptyEmail_ThrowsDomainException [FAIL]</Text>
      </RunInfo>
    </RunInfos>
  </ResultSummary>
</TestRun>